Determining if the function sgemm_ exists failed with the following output:
Change Dir: /home/ia2017/hpc-exercises/hpc-coursework-new/CMakeFiles/CMakeTmp

Run Build Command:"/usr/bin/make" "cmTC_69b87/fast"
/usr/bin/make -f CMakeFiles/cmTC_69b87.dir/build.make CMakeFiles/cmTC_69b87.dir/build
make[1]: Entering directory '/home/ia2017/hpc-exercises/hpc-coursework-new/CMakeFiles/CMakeTmp'
Building C object CMakeFiles/cmTC_69b87.dir/CheckFunctionExists.c.o
/usr/bin/cc   -DCHECK_FUNCTION_EXISTS=sgemm_   -o CMakeFiles/cmTC_69b87.dir/CheckFunctionExists.c.o   -c /usr/share/cmake-3.13/Modules/CheckFunctionExists.c
Linking C executable cmTC_69b87
/usr/bin/cmake -E cmake_link_script CMakeFiles/cmTC_69b87.dir/link.txt --verbose=1
/usr/bin/cc  -DCHECK_FUNCTION_EXISTS=sgemm_    CMakeFiles/cmTC_69b87.dir/CheckFunctionExists.c.o  -o cmTC_69b87 
/usr/bin/ld: CMakeFiles/cmTC_69b87.dir/CheckFunctionExists.c.o: in function `main':
CheckFunctionExists.c:(.text+0x10): undefined reference to `sgemm_'
collect2: error: ld returned 1 exit status
make[1]: *** [CMakeFiles/cmTC_69b87.dir/build.make:87: cmTC_69b87] Error 1
make[1]: Leaving directory '/home/ia2017/hpc-exercises/hpc-coursework-new/CMakeFiles/CMakeTmp'
make: *** [Makefile:121: cmTC_69b87/fast] Error 2


Determining if the pthread_create exist failed with the following output:
Change Dir: /home/ia2017/hpc-exercises/hpc-coursework-new/CMakeFiles/CMakeTmp

Run Build Command:"/usr/bin/make" "cmTC_c0eca/fast"
/usr/bin/make -f CMakeFiles/cmTC_c0eca.dir/build.make CMakeFiles/cmTC_c0eca.dir/build
make[1]: Entering directory '/home/ia2017/hpc-exercises/hpc-coursework-new/CMakeFiles/CMakeTmp'
Building C object CMakeFiles/cmTC_c0eca.dir/CheckSymbolExists.c.o
/usr/bin/cc    -o CMakeFiles/cmTC_c0eca.dir/CheckSymbolExists.c.o   -c /home/ia2017/hpc-exercises/hpc-coursework-new/CMakeFiles/CMakeTmp/CheckSymbolExists.c
Linking C executable cmTC_c0eca
/usr/bin/cmake -E cmake_link_script CMakeFiles/cmTC_c0eca.dir/link.txt --verbose=1
/usr/bin/cc      CMakeFiles/cmTC_c0eca.dir/CheckSymbolExists.c.o  -o cmTC_c0eca 
/usr/bin/ld: CMakeFiles/cmTC_c0eca.dir/CheckSymbolExists.c.o: in function `main':
CheckSymbolExists.c:(.text+0x1b): undefined reference to `pthread_create'
collect2: error: ld returned 1 exit status
make[1]: *** [CMakeFiles/cmTC_c0eca.dir/build.make:87: cmTC_c0eca] Error 1
make[1]: Leaving directory '/home/ia2017/hpc-exercises/hpc-coursework-new/CMakeFiles/CMakeTmp'
make: *** [Makefile:121: cmTC_c0eca/fast] Error 2

File /home/ia2017/hpc-exercises/hpc-coursework-new/CMakeFiles/CMakeTmp/CheckSymbolExists.c:
/* */
#include <pthread.h>

int main(int argc, char** argv)
{
  (void)argv;
#ifndef pthread_create
  return ((int*)(&pthread_create))[argc];
#else
  (void)argc;
  return 0;
#endif
}

Determining if the function pthread_create exists in the pthreads failed with the following output:
Change Dir: /home/ia2017/hpc-exercises/hpc-coursework-new/CMakeFiles/CMakeTmp

Run Build Command:"/usr/bin/make" "cmTC_9ef8b/fast"
/usr/bin/make -f CMakeFiles/cmTC_9ef8b.dir/build.make CMakeFiles/cmTC_9ef8b.dir/build
make[1]: Entering directory '/home/ia2017/hpc-exercises/hpc-coursework-new/CMakeFiles/CMakeTmp'
Building C object CMakeFiles/cmTC_9ef8b.dir/CheckFunctionExists.c.o
/usr/bin/cc   -DCHECK_FUNCTION_EXISTS=pthread_create   -o CMakeFiles/cmTC_9ef8b.dir/CheckFunctionExists.c.o   -c /usr/share/cmake-3.13/Modules/CheckFunctionExists.c
Linking C executable cmTC_9ef8b
/usr/bin/cmake -E cmake_link_script CMakeFiles/cmTC_9ef8b.dir/link.txt --verbose=1
/usr/bin/cc  -DCHECK_FUNCTION_EXISTS=pthread_create    CMakeFiles/cmTC_9ef8b.dir/CheckFunctionExists.c.o  -o cmTC_9ef8b -lpthreads 
/usr/bin/ld: cannot find -lpthreads
collect2: error: ld returned 1 exit status
make[1]: *** [CMakeFiles/cmTC_9ef8b.dir/build.make:87: cmTC_9ef8b] Error 1
make[1]: Leaving directory '/home/ia2017/hpc-exercises/hpc-coursework-new/CMakeFiles/CMakeTmp'
make: *** [Makefile:121: cmTC_9ef8b/fast] Error 2


